<?xml version="1.0" encoding="UTF-8"?>
<!-- Generated by org.testng.reporters.JUnitXMLReporter -->
<testsuite ignored="4" hostname="LAPTOP-ON2DQJR3" failures="2" tests="2" name="Test" time="0.14" errors="0" timestamp="29 Dec 2018 03:43:25 GMT">
  <testcase classname="com.HCHBQA.HomePage1Test" name="HomePageTest" time="0.077">
    <failure type="java.lang.NullPointerException">
      <![CDATA[java.lang.NullPointerException
	at org.openqa.selenium.support.pagefactory.DefaultElementLocator.findElement(DefaultElementLocator.java:69)
	at org.openqa.selenium.support.pagefactory.internal.LocatingElementHandler.invoke(LocatingElementHandler.java:38)
	at com.sun.proxy.$Proxy13.click(Unknown Source)
	at com.Basefile.HomePage1.ClickonLgnBtn(HomePage1.java:22)
	at com.HCHBQA.HomePage1Test.HomePageTest(HomePage1Test.java:18)
... Removed 25 stack frames]]>
    </failure>
  </testcase> <!-- HomePageTest -->
  <testcase classname="com.HCHBQA.LoginPage1Test" name="init" time="0.01">
    <failure type="java.lang.NullPointerException">
      <![CDATA[java.lang.NullPointerException
	at org.openqa.selenium.support.pagefactory.DefaultElementLocator.findElement(DefaultElementLocator.java:69)
	at org.openqa.selenium.support.pagefactory.internal.LocatingElementHandler.invoke(LocatingElementHandler.java:38)
	at com.sun.proxy.$Proxy13.sendKeys(Unknown Source)
	at com.Basefile.LoginPage1.setEmail(LoginPage1.java:30)
	at com.HCHBQA.LoginPage1Test.init(LoginPage1Test.java:15)
... Removed 25 stack frames]]>
    </failure>
  </testcase> <!-- init -->
  <testcase classname="com.Basefile.Base1" name="@AfterSuite TeardownTest" time="0.0">
    <ignored/>
  </testcase> <!-- @AfterSuite TeardownTest -->
  <testcase classname="com.Basefile.Base1" name="@AfterSuite TeardownTest" time="0.0">
    <ignored/>
  </testcase> <!-- @AfterSuite TeardownTest -->
  <testcase classname="com.Basefile.Base1" name="@BeforeSuite initialize" time="0.0">
    <ignored/>
  </testcase> <!-- @BeforeSuite initialize -->
  <testcase classname="com.Basefile.Base1" name="@BeforeSuite initialize" time="0.0">
    <ignored/>
  </testcase> <!-- @BeforeSuite initialize -->
</testsuite> <!-- Test -->
